platforms/android/build/outputs/apk/manifest-merger-debug-report.txt
-- Merging decision tree log ---
manifest
ADDED from AndroidManifest.xml:2:1
	android:hardwareAccelerated
		ADDED from AndroidManifest.xml:2:11
	xmlns:android
		ADDED from AndroidManifest.xml:2:144
	package
		ADDED from AndroidManifest.xml:2:98
	android:versionName
		ADDED from AndroidManifest.xml:2:70
	android:versionCode
		ADDED from AndroidManifest.xml:2:46
		INJECTED from AndroidManifest.xml:0:0
		INJECTED from AndroidManifest.xml:0:0
supports-screens
ADDED from AndroidManifest.xml:3:5
	android:resizeable
		ADDED from AndroidManifest.xml:3:106
	android:largeScreens
		ADDED from AndroidManifest.xml:3:49
	android:anyDensity
		ADDED from AndroidManifest.xml:3:23
	android:normalScreens
		ADDED from AndroidManifest.xml:3:77
	android:xlargeScreens
		ADDED from AndroidManifest.xml:3:160
	android:smallScreens
		ADDED from AndroidManifest.xml:3:132
uses-permission#android.permission.INTERNET
ADDED from AndroidManifest.xml:4:5
	android:name
		ADDED from AndroidManifest.xml:4:22
uses-permission#android.permission.ACCESS_NETWORK_STATE
ADDED from AndroidManifest.xml:5:5
	android:name
		ADDED from AndroidManifest.xml:5:22
uses-permission#android.permission.ACCESS_WIFI_STATE
ADDED from AndroidManifest.xml:6:5
	android:name
		ADDED from AndroidManifest.xml:6:22
application
ADDED from AndroidManifest.xml:7:5
	android:supportsRtl
		ADDED from AndroidManifest.xml:7:116
	android:label
		ADDED from AndroidManifest.xml:7:83
	android:icon
		ADDED from AndroidManifest.xml:7:53
	android:hardwareAccelerated
		ADDED from AndroidManifest.xml:7:18
activity#com.ionicframework.conference926829.MainActivity
ADDED from AndroidManifest.xml:8:9
	android:windowSoftInputMode
		ADDED from AndroidManifest.xml:8:248
	android:label
		ADDED from AndroidManifest.xml:8:97
	android:configChanges
		ADDED from AndroidManifest.xml:8:19
	android:theme
		ADDED from AndroidManifest.xml:8:194
	android:name
		ADDED from AndroidManifest.xml:8:166
	android:launchMode
		ADDED from AndroidManifest.xml:8:135
intent-filter#android.intent.action.MAIN+android.intent.category.LAUNCHER
ADDED from AndroidManifest.xml:9:13
	android:label
		ADDED from AndroidManifest.xml:9:28
action#android.intent.action.MAIN
ADDED from AndroidManifest.xml:10:17
	android:name
		ADDED from AndroidManifest.xml:10:25
category#android.intent.category.LAUNCHER
ADDED from AndroidManifest.xml:11:17
	android:name
		ADDED from AndroidManifest.xml:11:27
activity#com.google.zxing.client.android.CaptureActivity
ADDED from AndroidManifest.xml:14:9
	android:windowSoftInputMode
		ADDED from AndroidManifest.xml:14:288
	android:screenOrientation
		ADDED from AndroidManifest.xml:14:191
	android:configChanges
		ADDED from AndroidManifest.xml:14:52
	android:theme
		ADDED from AndroidManifest.xml:14:229
	android:exported
		ADDED from AndroidManifest.xml:14:103
	android:clearTaskOnLaunch
		ADDED from AndroidManifest.xml:14:19
	android:name
		ADDED from AndroidManifest.xml:14:128
intent-filter#android.intent.category.DEFAULT+com.google.zxing.client.android.SCAN
ADDED from AndroidManifest.xml:15:13
action#com.google.zxing.client.android.SCAN
ADDED from AndroidManifest.xml:16:17
	android:name
		ADDED from AndroidManifest.xml:16:25
category#android.intent.category.DEFAULT
ADDED from AndroidManifest.xml:17:17
	android:name
		ADDED from AndroidManifest.xml:17:27
activity#com.google.zxing.client.android.encode.EncodeActivity
ADDED from AndroidManifest.xml:20:9
	android:label
		ADDED from AndroidManifest.xml:20:19
	android:name
		ADDED from AndroidManifest.xml:20:54
intent-filter#android.intent.category.DEFAULT+com.phonegap.plugins.barcodescanner.ENCODE
ADDED from AndroidManifest.xml:21:13
action#com.phonegap.plugins.barcodescanner.ENCODE
ADDED from AndroidManifest.xml:22:17
	android:name
		ADDED from AndroidManifest.xml:22:25
activity#com.google.zxing.client.android.HelpActivity
ADDED from AndroidManifest.xml:26:9
	android:label
		ADDED from AndroidManifest.xml:26:19
	android:name
		ADDED from AndroidManifest.xml:26:54
intent-filter#android.intent.action.VIEW+android.intent.category.DEFAULT
ADDED from AndroidManifest.xml:27:13
action#android.intent.action.VIEW
ADDED from AndroidManifest.xml:28:17
	android:name
		ADDED from AndroidManifest.xml:28:25
service#com.tenforwardconsulting.cordova.bgloc.LocationUpdateService
ADDED from AndroidManifest.xml:32:9
	android:process
		ADDED from AndroidManifest.xml:32:117
	android:enabled
		ADDED from AndroidManifest.xml:32:18
	android:name
		ADDED from AndroidManifest.xml:32:41
uses-sdk
ADDED from AndroidManifest.xml:34:5
MERGED from android:CordovaLib:unspecified:debug:25:5
	android:targetSdkVersion
		ADDED from AndroidManifest.xml:34:42
	android:minSdkVersion
		ADDED from AndroidManifest.xml:34:15
uses-permission#android.permission.CAMERA
ADDED from AndroidManifest.xml:35:5
	android:name
		ADDED from AndroidManifest.xml:35:22
uses-permission#android.permission.FLASHLIGHT
ADDED from AndroidManifest.xml:36:5
	android:name
		ADDED from AndroidManifest.xml:36:22
uses-feature#android.hardware.camera
ADDED from AndroidManifest.xml:37:5
	android:required
		ADDED from AndroidManifest.xml:37:58
	android:name
		ADDED from AndroidManifest.xml:37:19
uses-permission#android.permission.ACCESS_COARSE_LOCATION
ADDED from AndroidManifest.xml:38:5
	android:name
		ADDED from AndroidManifest.xml:38:22
uses-permission#android.permission.ACCESS_FINE_LOCATION
ADDED from AndroidManifest.xml:39:5
	android:name
		ADDED from AndroidManifest.xml:39:22
uses-permission#android.permission.ACCESS_LOCATION_EXTRA_COMMANDS
ADDED from AndroidManifest.xml:40:5
	android:name
		ADDED from AndroidManifest.xml:40:22
uses-permission#android.permission.WAKE_LOCK
ADDED from AndroidManifest.xml:41:5
	android:name
		ADDED from AndroidManifest.xml:41:22
uses-permission#android.permission.WRITE_EXTERNAL_STORAGE
ADDED from AndroidManifest.xml:42:5
	android:name
		ADDED from AndroidManifest.xml:42:22
uses-permission#android.permission.READ_CONTACTS
ADDED from AndroidManifest.xml:43:5
	android:name
		ADDED from AndroidManifest.xml:43:22
uses-permission#android.permission.WRITE_CONTACTS
ADDED from AndroidManifest.xml:44:5
	android:name
		ADDED from AndroidManifest.xml:44:22
uses-permission#android.permission.GET_ACCOUNTS
ADDED from AndroidManifest.xml:45:5
	android:name
		ADDED from AndroidManifest.xml:45:22
uses-permission#android.permission.READ_CALENDAR
ADDED from AndroidManifest.xml:46:5
	android:name
		ADDED from AndroidManifest.xml:46:22
uses-permission#android.permission.WRITE_CALENDAR
ADDED from AndroidManifest.xml:47:5
	android:name
		ADDED from AndroidManifest.xml:47:22